Case #1: AB AB
Case #2: A B A C C AB
Case #3: C C AB
Case #4: B B A C AB
Case #5: A B B A C AB
Case #6: A A B B A C AB
Case #7: C C A B A C C AB
Case #8: A B A C AB
Case #9: BA AB AB
Case #10: A C A A C C AB
Case #11: C B B A C C AB
Case #12: A C C AB
Case #13: B A B B A C C AB
Case #14: C AB
Case #15: B B B A C C AB
Case #16: C A B A C C AB
Case #17: B C C B B C C AB
Case #18: B A B B A C AB
Case #19: C C B B C C AB
Case #20: B C AB
Case #21: A A B A C C AB
Case #22: C A B B A C C AB
Case #23: C C B A C C AB
Case #24: B A C AB
Case #25: C B A C C AB
Case #26: B C B B C C AB
Case #27: C B B C C AB
Case #28: C A C C AB
Case #29: AB
Case #30: AB BA AB AB
Case #31: C C B B A C C AB
Case #32: C A A C C AB
Case #33: A A C C AB
Case #34: A C C A A C C AB
Case #35: B C B B A C C AB
Case #36: B B C C AB
Case #37: C B C C AB
Case #38: A A B B A C C AB
Case #39: B A A B B A C AB
Case #40: A B B A C C AB
Case #41: B B A C C AB
Case #42: A C AB
Case #43: A C A B A C C AB
Case #44: B C C AB
Case #45: C C A A C C AB
Case #46: B A C C AB
